

times in msec
 clock   self+sourced   self:  sourced script
 clock   elapsed:              other lines

000.006  000.006: --- NVIM STARTING ---
000.129  000.123: event init
000.604  000.475: early init
001.211  000.607: locale set
001.259  000.048: init first window
018.251  016.992: inits 1
018.278  000.028: window checked
018.283  000.005: parsing arguments
018.826  000.074  000.074: require('vim.shared')
018.952  000.047  000.047: require('vim._meta')
018.955  000.124  000.077: require('vim._editor')
018.957  000.249  000.051: require('vim._init_packages')
018.959  000.427: init lua interpreter
019.342  000.383: expanding arguments
019.481  000.139: inits 2
019.854  000.373: init highlight
019.857  000.003: waiting for UI
022.465  002.608: done waiting for UI
022.484  000.018: init screen for UI
022.829  000.345: init default mappings
022.895  000.066: init default autocommands
023.930  000.092  000.092: sourcing /usr/local/Cellar/neovim/0.8.0/share/nvim/runtime/ftplugin.vim
024.084  000.037  000.037: sourcing /usr/local/Cellar/neovim/0.8.0/share/nvim/runtime/indent.vim
024.563  000.009  000.009: sourcing /usr/local/Cellar/neovim/0.8.0/share/nvim/runtime/macros/matchit.vim
025.086  000.110  000.110: sourcing /usr/local/Cellar/neovim/0.8.0/share/nvim/runtime/filetype.lua
025.199  000.020  000.020: sourcing /usr/local/Cellar/neovim/0.8.0/share/nvim/runtime/filetype.vim
025.306  000.012  000.012: sourcing /usr/local/Cellar/neovim/0.8.0/share/nvim/runtime/indent.vim
025.468  000.065  000.065: sourcing /usr/local/Cellar/neovim/0.8.0/share/nvim/runtime/filetype.lua
025.556  000.013  000.013: sourcing /usr/local/Cellar/neovim/0.8.0/share/nvim/runtime/filetype.vim
025.657  000.012  000.012: sourcing /usr/local/Cellar/neovim/0.8.0/share/nvim/runtime/ftplugin.vim
025.877  001.015  000.783: sourcing /Users/EYONDUU/.config/vim/before/000-vim-settings.vim
027.809  001.730  001.730: sourcing /Users/EYONDUU/.local/nvim/site/autoload/plug.vim
040.033  000.045  000.045: sourcing /usr/local/Cellar/neovim/0.8.0/share/nvim/runtime/ftoff.vim
049.991  000.031  000.031: sourcing /Users/EYONDUU/.local/nvim-plug/filetype.nvim/filetype.vim
050.406  000.086  000.086: sourcing /usr/local/Cellar/neovim/0.8.0/share/nvim/runtime/filetype.lua
050.530  000.026  000.026: sourcing /usr/local/Cellar/neovim/0.8.0/share/nvim/runtime/filetype.vim
051.158  000.021  000.021: sourcing /usr/local/Cellar/neovim/0.8.0/share/nvim/runtime/ftplugin.vim
051.676  000.019  000.019: sourcing /usr/local/Cellar/neovim/0.8.0/share/nvim/runtime/indent.vim
052.408  000.106  000.106: sourcing /usr/local/Cellar/neovim/0.8.0/share/nvim/runtime/syntax/synload.vim
052.508  000.646  000.540: sourcing /usr/local/Cellar/neovim/0.8.0/share/nvim/runtime/syntax/syntax.vim
052.533  026.553  023.950: sourcing /Users/EYONDUU/.config/vim/before/100-plugins.vim
052.780  000.149  000.149: sourcing /Users/EYONDUU/.config/vim/before/200-homepage.vim
053.693  000.106  000.106: sourcing /Users/EYONDUU/.local/nvim-plug/dracula/autoload/dracula.vim
056.314  003.226  003.120: sourcing /Users/EYONDUU/.local/nvim-plug/dracula/colors/dracula.vim
056.631  000.089  000.089: sourcing /usr/local/Cellar/neovim/0.8.0/share/nvim/runtime/syntax/nosyntax.vim
057.133  000.093  000.093: sourcing /usr/local/Cellar/neovim/0.8.0/share/nvim/runtime/syntax/synload.vim
057.213  000.771  000.589: sourcing /usr/local/Cellar/neovim/0.8.0/share/nvim/runtime/syntax/syntax.vim
057.468  000.078  000.078: sourcing /usr/local/Cellar/neovim/0.8.0/share/nvim/runtime/syntax/nosyntax.vim
057.939  000.081  000.081: sourcing /usr/local/Cellar/neovim/0.8.0/share/nvim/runtime/syntax/synload.vim
058.015  000.716  000.556: sourcing /usr/local/Cellar/neovim/0.8.0/share/nvim/runtime/syntax/syntax.vim
058.022  005.151  000.439: sourcing /Users/EYONDUU/.config/vim/before/700-colorscheme.vim
059.186  000.927  000.927: require('nvim_utils')
060.945  000.006  000.006: require('vim.F')
060.986  001.464  001.458: require('vim.diagnostic')
061.233  000.150  000.150: require('funcs.global')
062.090  000.312  000.312: require('gitsigns.async')
062.392  000.298  000.298: require('gitsigns.status')
063.440  000.392  000.392: require('gitsigns.debug')
063.866  000.422  000.422: require('gitsigns.util')
064.635  000.379  000.379: require('gitsigns.uv')
064.639  000.769  000.390: require('gitsigns.subprocess')
066.303  000.283  000.283: require('gitsigns.message')
066.326  000.900  000.618: require('gitsigns.config')
066.614  000.286  000.286: require('gitsigns.signs.base')
066.618  001.507  000.320: require('gitsigns.signs')
066.623  001.982  000.475: require('gitsigns.hunks')
066.636  004.200  000.635: require('gitsigns.git')
067.585  000.347  000.347: require('gitsigns.cache')
067.908  000.319  000.319: require('gitsigns.debounce')
068.197  000.286  000.286: require('gitsigns.diff')
068.221  001.583  000.632: require('gitsigns.manager')
068.617  000.394  000.394: require('gitsigns.highlight')
068.654  007.418  000.630: require('gitsigns')
070.182  000.389  000.389: require('gitsigns.signs.vimfn')
072.791  000.054  000.054: require('vim.inspect')
072.961  048.529  005.250: sourcing /Users/EYONDUU/.config/nvim/init.vim
072.972  001.420: sourcing vimrc file(s)
073.827  000.064  000.064: sourcing /Users/EYONDUU/.local/nvim-plug/vim-hexokinase/autoload/hexokinase/v2.vim
073.976  000.409  000.345: sourcing /Users/EYONDUU/.local/nvim-plug/vim-hexokinase/plugin/hexokinase.vim
074.353  000.042  000.042: sourcing /Users/EYONDUU/.local/nvim-plug/nvim-web-devicons/plugin/nvim-web-devicons.vim
074.839  000.044  000.044: sourcing /Users/EYONDUU/.local/nvim-plug/nightfox.nvim/plugin/nightfox.vim
075.153  000.038  000.038: sourcing /Users/EYONDUU/.local/nvim-plug/limelight.vim/plugin/limelight.vim
075.459  000.028  000.028: sourcing /Users/EYONDUU/.local/nvim-plug/goyo.vim/plugin/goyo.vim
075.735  000.031  000.031: sourcing /Users/EYONDUU/.local/nvim-plug/twilight.nvim/plugin/twilight.vim
075.986  000.024  000.024: sourcing /Users/EYONDUU/.local/nvim-plug/zen-mode.nvim/plugin/zen-mode.vim
076.477  000.235  000.235: sourcing /Users/EYONDUU/.local/nvim-plug/close-buffers.vim/plugin/close-buffers.vim
076.830  000.099  000.099: sourcing /Users/EYONDUU/.local/nvim-plug/undoquit.vim/plugin/undoquit.vim
077.429  000.213  000.213: sourcing /Users/EYONDUU/.local/nvim-plug/vim-buffergator/plugin/buffergator.vim
077.681  000.018  000.018: sourcing /Users/EYONDUU/.local/nvim-plug/which-key.nvim/plugin/which-key.vim
078.321  000.422  000.422: sourcing /Users/EYONDUU/.local/nvim-plug/auto-pairs/plugin/auto-pairs.vim
079.242  000.691  000.691: sourcing /Users/EYONDUU/.fzf/plugin/fzf.vim
079.539  000.047  000.047: sourcing /Users/EYONDUU/.local/nvim-plug/fzf-lua/plugin/fzf-lua.vim
080.144  000.141  000.141: sourcing /Users/EYONDUU/.local/nvim-plug/vim-signature/autoload/signature/utils.vim
080.848  001.067  000.926: sourcing /Users/EYONDUU/.local/nvim-plug/vim-signature/plugin/signature.vim
081.225  000.101  000.101: sourcing /Users/EYONDUU/.local/nvim-plug/vim-highlightedyank/plugin/highlightedyank.vim
082.156  000.226  000.226: sourcing /Users/EYONDUU/.local/nvim-plug/vim-sandwich/plugin/operator/sandwich.vim
082.441  000.201  000.201: sourcing /Users/EYONDUU/.local/nvim-plug/vim-sandwich/plugin/sandwich.vim
082.621  000.097  000.097: sourcing /Users/EYONDUU/.local/nvim-plug/vim-sandwich/plugin/textobj/sandwich.vim
083.122  000.233  000.233: sourcing /Users/EYONDUU/.local/nvim-plug/undotree/plugin/undotree.vim
083.898  000.463  000.463: sourcing /Users/EYONDUU/.local/nvim-plug/vim-better-whitespace/plugin/better-whitespace.vim
084.305  000.121  000.121: sourcing /Users/EYONDUU/.local/nvim-plug/vim-over/plugin/over.vim
085.693  000.992  000.992: sourcing /Users/EYONDUU/.local/nvim-plug/tagbar/plugin/tagbar.vim
086.163  000.151  000.151: sourcing /Users/EYONDUU/.local/nvim-plug/vim-commentary/plugin/commentary.vim
086.944  000.437  000.437: sourcing /Users/EYONDUU/.local/nvim-plug/vim-sleuth/plugin/sleuth.vim
087.623  000.405  000.405: sourcing /Users/EYONDUU/.local/nvim-plug/vim-surround/plugin/surround.vim
088.126  000.225  000.225: sourcing /Users/EYONDUU/.local/nvim-plug/hop.nvim/plugin/hop.vim
092.135  000.338  000.338: require('vim.treesitter.language')
092.147  001.018  000.680: require('vim.treesitter.query')
092.746  000.596  000.596: require('vim.treesitter.languagetree')
092.827  002.229  000.615: require('vim.treesitter')
093.013  003.080  000.851: require('nvim-treesitter.parsers')
093.369  000.354  000.354: require('nvim-treesitter.utils')
093.377  003.901  000.467: require('nvim-treesitter.ts_utils')
093.897  000.517  000.517: require('vim.treesitter.highlighter')
093.997  005.255  000.837: require('treesitter-context')
094.001  005.292  000.036: sourcing /Users/EYONDUU/.local/nvim-plug/nvim-treesitter-context/plugin/treesitter-context.vim
095.410  000.324  000.324: require('nvim-treesitter.tsrange')
095.631  000.217  000.217: require('nvim-treesitter.caching')
095.645  001.014  000.473: require('nvim-treesitter.query')
096.208  000.560  000.560: require('nvim-treesitter.configs')
096.212  001.867  000.293: require('nvim-treesitter-textobjects')
097.653  000.304  000.304: require('nvim-treesitter.info')
098.046  000.391  000.391: require('nvim-treesitter.shell_command_selectors')
098.087  001.656  000.962: require('nvim-treesitter.install')
098.371  000.281  000.281: require('nvim-treesitter.statusline')
098.703  000.329  000.329: require('nvim-treesitter.query_predicates')
098.707  002.493  000.227: require('nvim-treesitter')
099.320  000.333  000.333: require('nvim-treesitter.textobjects.shared')
099.325  000.613  000.280: require('nvim-treesitter.textobjects.select')
099.931  000.254  000.254: require('nvim-treesitter.textobjects.attach')
099.938  000.588  000.333: require('nvim-treesitter.textobjects.move')
100.377  000.358  000.358: require('nvim-treesitter.textobjects.swap')
100.748  000.336  000.336: require('nvim-treesitter.textobjects.lsp_interop')
100.796  006.492  000.237: sourcing /Users/EYONDUU/duqcyxwd/nvim-treesitter-textobjects/plugin/nvim-treesitter-textobjects.vim
101.351  000.041  000.041: sourcing /Users/EYONDUU/.local/nvim-plug/symbols-outline.nvim/plugin/symbols-outline.vim
102.120  000.102  000.102: sourcing /Users/EYONDUU/duqcyxwd/coc.nvim/autoload/coc/rpc.vim
102.923  000.525  000.525: sourcing /Users/EYONDUU/duqcyxwd/coc.nvim/autoload/coc/util.vim
103.682  000.212  000.212: sourcing /Users/EYONDUU/duqcyxwd/coc.nvim/autoload/coc/client.vim
107.099  005.469  004.630: sourcing /Users/EYONDUU/duqcyxwd/coc.nvim/plugin/coc.vim
107.507  000.154  000.154: sourcing /Users/EYONDUU/.local/nvim-plug/vim-easy-align/plugin/easy_align.vim
108.112  000.339  000.339: sourcing /Users/EYONDUU/.local/nvim-plug/neoterm/plugin/neoterm.vim
109.658  000.292  000.292: require('luasnip.util.types')
110.000  000.339  000.339: require('luasnip.util.ext_opts')
110.309  000.306  000.306: require('luasnip.extras.filetype_functions')
110.589  000.277  000.277: require('luasnip.session')
111.990  000.591  000.591: require('luasnip.util.util')
112.350  000.356  000.356: require('luasnip.nodes.util')
112.619  000.266  000.266: require('luasnip.util.events')
112.629  001.663  000.449: require('luasnip.nodes.node')
113.091  000.296  000.296: require('luasnip.util.extend_decorator')
113.098  002.505  000.547: require('luasnip.nodes.insertNode')
114.031  000.346  000.346: require('luasnip.util.mark')
115.239  000.336  000.336: require('luasnip.nodes.textNode')
116.513  000.805  000.805: require('luasnip.util._builtin_vars')
116.567  001.323  000.518: require('luasnip.util.environ')
116.909  000.339  000.339: require('luasnip.util.pattern_tokenizer')
117.205  000.292  000.292: require('luasnip.util.dict')
117.635  000.426  000.426: require('luasnip.session.snippet_collection')
117.747  003.713  000.997: require('luasnip.nodes.snippet')
117.760  004.660  000.601: require('luasnip.nodes.choiceNode')
118.245  000.473  000.473: require('luasnip.nodes.functionNode')
118.709  000.459  000.459: require('luasnip.nodes.dynamicNode')
119.117  000.405  000.405: require('luasnip.nodes.restoreNode')
119.392  000.271  000.271: require('luasnip.nodes.absolute_indexer')
119.818  000.422  000.422: require('luasnip.extras')
121.203  000.459  000.459: require('luasnip.util.str')
121.234  001.411  000.952: require('luasnip.extras.fmt')
122.034  000.287  000.287: require('luasnip.extras.conditions')
122.298  000.260  000.260: require('luasnip.extras.conditions.show')
122.303  000.813  000.266: require('luasnip.extras.conditions.expand')
122.304  001.068  000.255: require('luasnip.extras.expand_conditions')
122.618  000.311  000.311: require('luasnip.extras.postfix')
123.871  000.373  000.373: require('luasnip.util.parser.neovim_ast')
125.141  000.342  000.342: require('luasnip.util.directed_graph')
125.154  002.190  001.474: require('luasnip.util.parser.ast_utils')
125.916  000.289  000.289: require('luasnip.util.functions')
125.928  000.771  000.482: require('luasnip.util.parser.ast_parser')
126.522  000.593  000.593: require('luasnip.util.parser.neovim_parser')
126.532  003.911  000.358: require('luasnip.util.parser')
126.943  018.057  000.947: require('luasnip.config')
127.016  018.278  000.220: sourcing /Users/EYONDUU/.local/nvim-plug/LuaSnip/plugin/luasnip.vim
127.646  000.074  000.074: sourcing /Users/EYONDUU/.local/nvim-plug/vim-csharp/plugin/cs.vim
130.149  002.077  002.077: sourcing /Users/EYONDUU/.local/nvim-plug/emmet-vim/plugin/emmet.vim
131.275  000.151  000.151: sourcing /Users/EYONDUU/.local/nvim-plug/vimagit/plugin/../common/magit_common.vim
131.993  001.192  001.041: sourcing /Users/EYONDUU/.local/nvim-plug/vimagit/plugin/magit.vim
133.532  001.178  001.178: sourcing /Users/EYONDUU/.local/nvim-plug/vim-fugitive/plugin/fugitive.vim
133.918  000.096  000.096: sourcing /Users/EYONDUU/.local/nvim-plug/fugitive-gitlab.vim/plugin/gitlab.vim
134.260  000.101  000.101: sourcing /Users/EYONDUU/.local/nvim-plug/vim-rhubarb/plugin/rhubarb.vim
134.661  000.055  000.055: sourcing /Users/EYONDUU/.local/nvim-plug/plenary.nvim/plugin/plenary.vim
135.186  000.233  000.233: sourcing /Users/EYONDUU/.local/nvim-plug/gv.vim/plugin/gv.vim
135.497  000.070  000.070: sourcing /Users/EYONDUU/.local/nvim-plug/vim-gitbranch/plugin/gitbranch.vim
136.066  000.336  000.336: sourcing /Users/EYONDUU/.local/nvim-plug/unicode.vim/plugin/unicode.vim
136.395  000.050  000.050: sourcing /Users/EYONDUU/.local/nvim-plug/vim-findroot/plugin/findroot.vim
136.820  000.139  000.139: sourcing /Users/EYONDUU/.local/nvim-plug/vim-startify/plugin/startify.vim
137.165  000.102  000.102: sourcing /Users/EYONDUU/.local/nvim-plug/vim-dict/plugin/dict.vim
137.937  000.540  000.540: sourcing /Users/EYONDUU/.local/nvim-plug/vim-eunuch/plugin/eunuch.vim
138.417  000.198  000.198: sourcing /Users/EYONDUU/.local/nvim-plug/vim-tmux-navigator/plugin/tmux_navigator.vim
138.854  000.166  000.166: sourcing /Users/EYONDUU/.local/nvim-plug/Colorizer/plugin/ColorizerPlugin.vim
139.519  000.430  000.430: sourcing /Users/EYONDUU/.local/nvim-plug/vimux/plugin/vimux.vim
140.029  000.230  000.230: sourcing /Users/EYONDUU/.local/nvim-plug/targets.vim/plugin/targets.vim
141.369  000.184  000.184: sourcing /usr/local/Cellar/neovim/0.8.0/share/nvim/runtime/plugin/gzip.vim
141.476  000.022  000.022: sourcing /usr/local/Cellar/neovim/0.8.0/share/nvim/runtime/plugin/health.vim
141.579  000.022  000.022: sourcing /usr/local/Cellar/neovim/0.8.0/share/nvim/runtime/plugin/matchit.vim
141.848  000.191  000.191: sourcing /usr/local/Cellar/neovim/0.8.0/share/nvim/runtime/plugin/matchparen.vim
142.361  000.413  000.413: sourcing /usr/local/Cellar/neovim/0.8.0/share/nvim/runtime/plugin/netrwPlugin.vim
143.450  000.197  000.197: sourcing /usr/local/Cellar/neovim/0.8.0/share/nvim/runtime/autoload/remote/host.vim
144.197  000.190  000.190: sourcing /usr/local/Cellar/neovim/0.8.0/share/nvim/runtime/autoload/remote/define.vim
144.335  001.613  001.226: sourcing /Users/EYONDUU/.local/nvim/rplugin.vim
144.351  001.879  000.266: sourcing /usr/local/Cellar/neovim/0.8.0/share/nvim/runtime/plugin/rplugin.vim
144.548  000.087  000.087: sourcing /usr/local/Cellar/neovim/0.8.0/share/nvim/runtime/plugin/shada.vim
144.687  000.036  000.036: sourcing /usr/local/Cellar/neovim/0.8.0/share/nvim/runtime/plugin/spellfile.vim
144.905  000.130  000.130: sourcing /usr/local/Cellar/neovim/0.8.0/share/nvim/runtime/plugin/tarPlugin.vim
145.134  000.104  000.104: sourcing /usr/local/Cellar/neovim/0.8.0/share/nvim/runtime/plugin/tohtml.vim
145.263  000.033  000.033: sourcing /usr/local/Cellar/neovim/0.8.0/share/nvim/runtime/plugin/tutor.vim
145.528  000.175  000.175: sourcing /usr/local/Cellar/neovim/0.8.0/share/nvim/runtime/plugin/zipPlugin.vim
151.026  000.658  000.658: sourcing /Users/EYONDUU/.local/nvim-plug/nvim-treesitter/plugin/nvim-treesitter.lua
151.667  000.284  000.284: require('nvim-treesitter-playground')
151.851  000.547  000.263: sourcing /Users/EYONDUU/.local/nvim-plug/playground/plugin/nvim-treesitter-playground.lua
153.537  000.330  000.330: require('cmp.utils.api')
154.040  000.235  000.235: require('cmp.types.cmp')
154.731  000.389  000.389: require('cmp.utils.misc')
154.832  000.789  000.400: require('cmp.types.lsp')
155.060  000.224  000.224: require('cmp.types.vim')
155.063  001.523  000.274: require('cmp.types')
155.318  000.253  000.253: require('cmp.utils.highlight')
155.863  000.288  000.288: require('cmp.utils.debug')
155.877  000.556  000.267: require('cmp.utils.autocmd')
156.428  003.360  000.698: sourcing /Users/EYONDUU/.local/nvim-plug/nvim-cmp/plugin/cmp.lua
157.307  000.263  000.263: sourcing /Users/EYONDUU/.local/nvim-plug/nvim-lspconfig/plugin/lspconfig.lua
161.578  000.194  000.194: sourcing /usr/local/Cellar/neovim/0.8.0/share/nvim/runtime/plugin/man.lua
161.635  029.974: loading rtp plugins
161.875  000.240: loading packages
162.675  000.310  000.310: sourcing /Users/EYONDUU/.local/nvim-plug/dracula/after/plugin/dracula.vim
163.007  000.071  000.071: sourcing /Users/EYONDUU/.local/nvim-plug/vim-signature/after/plugin/signature.vim
167.341  000.296  000.296: require('cmp.utils.char')
167.367  000.656  000.359: require('cmp.utils.str')
167.884  000.504  000.504: require('cmp.utils.pattern')
168.824  000.226  000.226: require('cmp.utils.buffer')
168.832  000.617  000.392: require('cmp.utils.keymap')
168.836  000.949  000.331: require('cmp.utils.feedkeys')
169.190  000.352  000.352: require('cmp.utils.async')
169.699  000.232  000.232: require('cmp.utils.cache')
169.704  000.510  000.278: require('cmp.context')
171.063  000.313  000.313: require('cmp.config.mapping')
171.712  000.375  000.375: require('cmp.config.compare')
171.715  000.647  000.273: require('cmp.config.default')
171.727  001.342  000.382: require('cmp.config')
172.617  000.342  000.342: require('cmp.matcher')
172.624  000.895  000.553: require('cmp.entry')
172.631  002.925  000.687: require('cmp.source')
173.213  000.241  000.241: require('cmp.utils.event')
173.962  000.398  000.398: require('cmp.utils.window')
173.966  000.750  000.352: require('cmp.view.docs_view')
174.493  000.525  000.525: require('cmp.view.custom_entries_view')
174.898  000.401  000.401: require('cmp.view.wildmenu_entries_view')
175.222  000.321  000.321: require('cmp.view.native_entries_view')
175.496  000.271  000.271: require('cmp.view.ghost_text_view')
175.507  002.874  000.365: require('cmp.view')
175.595  009.866  001.097: require('cmp.core')
175.912  000.224  000.224: require('cmp.config.sources')
176.127  000.211  000.211: require('cmp.config.window')
176.181  011.272  000.970: require('cmp')
177.334  000.243  000.243: require('cmp_buffer.timer')
177.339  000.640  000.398: require('cmp_buffer.buffer')
177.342  000.936  000.296: require('cmp_buffer.source')
177.344  001.160  000.224: require('cmp_buffer')
177.361  012.534  000.102: sourcing /Users/EYONDUU/.local/nvim-plug/cmp-buffer/after/plugin/cmp_buffer.lua
178.283  000.301  000.301: require('cmp_nvim_lsp.source')
178.287  000.607  000.306: require('cmp_nvim_lsp')
178.304  000.678  000.071: sourcing /Users/EYONDUU/.local/nvim-plug/cmp-nvim-lsp/after/plugin/cmp_nvim_lsp.lua
178.986  000.394  000.394: require('cmp_path')
179.003  000.460  000.066: sourcing /Users/EYONDUU/.local/nvim-plug/cmp-path/after/plugin/cmp_path.lua
179.635  000.360  000.360: require('cmp_cmdline')
179.652  000.420  000.060: sourcing /Users/EYONDUU/.local/nvim-plug/cmp-cmdline/after/plugin/cmp_cmdline.lua
182.764  001.119  001.119: require('vim.lsp.protocol')
183.395  000.627  000.627: require('vim.lsp._snippet')
183.774  000.376  000.376: require('vim.highlight')
183.792  003.451  001.330: require('vim.lsp.util')
183.799  003.823  000.372: require('cmp_luasnip')
183.847  003.925  000.103: sourcing /Users/EYONDUU/.local/nvim-plug/cmp_luasnip/after/plugin/cmp_luasnip.lua
184.136  003.863: loading after plugins
184.159  000.023: inits 3
187.010  002.851: reading ShaDa
188.167  000.355  000.355: require('luasnip.loaders._caches')
188.753  000.581  000.581: require('luasnip.util.path')
189.140  000.384  000.384: require('luasnip.loaders.util')
190.097  000.342  000.342: require('luasnip.loaders')
190.117  000.974  000.632: require('luasnip')
190.145  002.823  000.529: require('luasnip.loaders.from_lua')
190.907  000.317  000.317: require('luasnip.nodes.snippetProxy')
190.913  000.724  000.407: require('luasnip.loaders.from_snipmate')
191.376  000.417  000.417: require('luasnip.loaders.from_vscode')
191.475  000.500: opening buffers
192.999  000.308  000.308: sourcing /Users/EYONDUU/.local/nvim-plug/vim-signature/autoload/signature/sign.vim
193.848  000.397  000.397: sourcing /Users/EYONDUU/.local/nvim-plug/vim-signature/autoload/signature/mark.vim
197.341  000.126  000.126: sourcing /Users/EYONDUU/.local/nvim-plug/vim-gitbranch/autoload/gitbranch.vim
198.057  000.105  000.105: sourcing /Users/EYONDUU/.local/nvim-plug/vim-findroot/autoload/findroot.vim
198.151  005.740: BufEnter autocommands
198.153  000.002: editing files in windows
200.797  001.382  001.382: sourcing /Users/EYONDUU/.local/nvim-plug/vim-startify/autoload/startify.vim
309.838  000.370  000.370: sourcing /usr/local/Cellar/neovim/0.8.0/share/nvim/runtime/autoload/provider/clipboard.vim
319.854  000.583  000.583: sourcing /Users/EYONDUU/.local/nvim-plug/vim-startify/syntax/startify.vim
323.738  123.249: VimEnter autocommands
323.742  000.004: UIEnter autocommands
323.746  000.004: before starting main loop
325.640  001.600  001.600: sourcing /Users/EYONDUU/duqcyxwd/coc.nvim/autoload/coc/float.vim
327.131  000.140  000.140: sourcing /Users/EYONDUU/.local/nvim-plug/vim-hexokinase/autoload/hexokinase/v2/scraper.vim
327.411  000.121  000.121: sourcing /Users/EYONDUU/.local/nvim-plug/vim-hexokinase/autoload/hexokinase/utils.vim
336.665  011.057: first screen update
336.670  000.005: --- NVIM STARTED ---
