timestamp: 2022-11-01 11:39:28 EDT
Colorizer: 715c91303f0f7a59b21af39c9d168d975ca2c831
LuaSnip: 619796e2477f7233e5fdff456240676a08482684
auto-pairs: 39f06b873a8449af8ff6a3eee716d3da14d63a76
ayu-vim: 0745635421688ce777f663d13531996cb4da6514
bufferline.nvim: b2a0691df8a51a7590122aef456db1d70445647d
close-buffers.vim: 0b29fbc483344e2ebec96a28070698d72a8a767c
cmp-buffer: 3022dbc9166796b644a841a02de8dd1cc1d311fa
cmp-cmdline: c66c379915d68fb52ad5ad1195cdd4265a95ef1e
cmp-nvim-lsp: 78924d1d677b29b3d1fe429864185341724ee5a2
cmp-path: 91ff86cd9c29299a64f968ebb45846c485725f23
cmp_luasnip: 18095520391186d634a0045dacaa346291096566
conjure: 839fe23a7746f03aa9ef1ebf087501cd6126cf0f
defx.nvim: 82ca2c5bdf6dbab6f0f96980b572d44267003841
dracula: 834f54c1e09a4ae7115f590ad26d470ccd67c3b4
emmet-vim: def5d57a1ae5afb1b96ebe83c4652d1c03640f4d
filetype.nvim: b522628a45a17d58fc0073ffd64f9dc9530a8027
friendly-snippets: c93311fbcc840210a2c0db574177d84a35a2c9c1
fugitive-gitlab.vim: b73a8e97de95d26280082abb7f51465a3d3b239e
fzf-lua: b1f1f76c13d6040b9b9b6ccdb59129c6c4885124
gina.vim: ff6c2ddeca98f886b57fb42283c12e167d6ab575
gitsigns.nvim: d3a8ba0b0d34bbac482b963e52b346065169fa20
gofmt.vim: 7ebf69493e04fcb5d5374dbc2a056cc82e801bfd
goyo.vim: 7f5d35a65510083ea5c2d0941797244b9963d4a9
gv.vim: 320cc8c477c5acc4fa0e52a460d87b2af54fa051
hop.nvim: 90db1b2c61b820e230599a04fedcd2679e64bd07
impatient.nvim: b842e16ecc1a700f62adb9802f8355b99b52a5a6
indentLine: d15d63bf9c4a74a02470d4bc8ecce53df13e3a75
limelight.vim: 86aaec1700b27618d33d6182f44691d84d2cb6e5
lsp-status.nvim: 54f48eb5017632d81d0fd40112065f1d062d0629
lspkind-nvim: c68b3a003483cf382428a43035079f78474cd11e
lspsaga.nvim: 9ec569a49aa7ff265764081acff9e5da839c13fe
lualine-lsp-progress: 56842d097245a08d77912edf5f2a69ba29f275d7
lualine.nvim: 3325d5d43a7a2bc9baeef2b7e58e1d915278beaf
neogen: c9ee823ec2ecdeae8c404a43a3394553d37a6d4c
neoterm: e1148589b8b9e1e72ef755d4495286c3b8516771
nightfox.nvim: db26a92fc0175c9ffaa27db489308e306823ed3f
nvim-cmp: 9bb8ee6e2d6ab3c8cc53323b79f05886bc722faa
nvim-lspconfig: 5f4b1fa83c80f43e434c1fb227967dac9ad8f44c
nvim-tree.lua: 6ca6f99e7689c68679e8f0a58b421545ff52931f
nvim-treesitter: e7bdcee167ae41295a3e99ad460ae80d2bb961d7
nvim-treesitter-context: 0dd5eae6dbf226107da2c2041ffbb695d9e267c1
nvim-treesitter-pairs: 68a8d3d0bebc9173e862b9f8c5957b7f82cd0d60
nvim-treesitter-refactor: 75f5895cc662d61eb919da8050b7a0124400d589
nvim-ts-rainbow: c6c26c4def0e9cd82f371ba677d6fc9baa0038af
nvim-web-devicons: 9061e2d355ecaa2b588b71a35e7a11358a7e51e1
nvim_utils: 71919c2f05920ed2f9718b4c2e30f8dd5f167194
oceanic-next: 5ef31a34204f84714885ae9036f66a626036c3dc
onehalf: 75eb2e97acd74660779fed8380989ee7891eec56
open-browser.vim: 7d4c1d8198e889d513a030b5a83faa07606bac27
playground: e6a0bfaf9b5e36e3a327a1ae9a44a989eae472cf
plenary.nvim: 4b7e52044bbb84242158d977a50c4cbcd85070c7
prolog.vim: 280a5ec5d219900042585a862e5fab0c44dcd733
quick-scope: 428e8698347f254d24b248af9f656194a80081e5
robotframework-vim: 75d5b371a4da2a090a2872d55bd0dead013f334e
rst-robotframework-syntax-vim: 716bbff4106c5eb9b52a9ca094bc812a4e3545ee
symbols-outline.nvim: 6a3ed24c5631da7a5d418bced57c16b32af7747c
tabular: 339091ac4dd1f17e225fe7d57b48aff55f99b23a
tagbar: 83933d557409639df53fd2ca21484279b5854c1e
targets.vim: 8d6ff2984cdfaebe5b7a6eee8f226a6dd1226f2d
twilight.nvim: 1ffa6a4d89fb2fbb784c6674044bf54f1fca936f
undoquit.vim: 74d2a1fc51af91d8b758ad85fb236b6476c8ed0c
undotree: bd60cb564e3c3220b35293679669bb77af5f389d
unicode.vim: 4c851a24310fcfb5540a7e2b17c563f1f542e3a2
vim-better-whitespace: 1b22dc57a2751c7afbc6025a7da39b7c22db635d
vim-buffergator: 0514af606a3b41bbe82c33875179b53300a3cb86
vim-cljfmt: 4f489c1a9606e51d0defbf1d0fb67a51edd3f6d1
vim-coffee-script: 28421258a8dde5a50deafbfc19cd9873cacfaa79
vim-colors-github: ee42a68d95078f5a3d1c0fb14462cc781b244ee2
vim-commentary: e87cd90dc09c2a203e13af9704bd0ef79303d755
vim-csharp: b5982fc69bba7d507638a308d6875b031054280d
vim-dict: f673c04c0e60914ff4e38e29c72fcea73a228967
vim-easy-align: 12dd6316974f71ce333e360c0260b4e1f81169c3
vim-eunuch: 291ef1f8c8996ca7715df1032a35a27b12d7b5cf
vim-findroot: 76af2f097cf8196b00f049054444966d10c82f95
vim-fireplace: b6bef833b56632df917bcf33bc50b8a5d1e26139
vim-floaterm: 20cbfc777b783fd93259c83c96eef4a35c6ddbcd
vim-fugitive: 01f3e0af928857128eec8d998948b80ed1678c18
vim-gitbranch: 1a8ba866f3eaf0194783b9f8573339d6ede8f1ed
vim-gradle: 508629fa2a3be1b2052e4e553593f60d12dfc090
vim-graphql: 4bf5d33bda83117537aa3c117dee5b9b14fc9333
vim-hexokinase: 62324b43ea858e268fb70665f7d012ae67690f43
vim-highlightedyank: f9db473137ca96c6a989ec3e2b7edf8a3189c448
vim-javascript: c470ce1399a544fe587eab950f571c83cccfbbdc
vim-markdown: c3f83ebb43b560af066d2a5d66bc77c6c05293b1
vim-markdown-folding: 526cffde2cb013ae337cdf48e244bb15881ab7ce
vim-over: 878f83bdac0cda308f599d319f45c7877d5274a9
vim-repeat: 24afe922e6a05891756ecf331f39a1f6743d3d5a
vim-rhubarb: cad60fe382f3f501bbb28e113dfe8c0de6e77c75
vim-sandwich: 74898e6f5c5ea37e17163f00bf4981049f785eed
vim-signature: 6bc3dd1294a22e897f0dcf8dd72b85f350e306bc
vim-sleuth: 8332f123a63c739c870c96907d987cc3ff719d24
vim-startify: 81e36c352a8deea54df5ec1e2f4348685569bed2
vim-surround: 3d188ed2113431cf8dac77be61b842acb64433d9
vim-tmux: cfe76281efc29890548cf9eedd42ad51c7a1faf0
vim-tmux-navigator: bd4c38be5b4882991494cf77c0601a55bc45eebf
vim-toml: 3c5face8e8944a217af45bc5bb708ff7dfcf1a54
vim-visual-multi: 724bd53adfbaf32e129b001658b45d4c5c29ca1a
vim-yaml-folds: 890ccd8e5370808d569e96dbb06cbeca2cf5993a
vimagit: 308650ddc1e9a94e49fae0ea04bbc1c45f23d4c4
vimux: 616fcb4799674a7a809b14ca2dc155bb6ba25788
vlime: 3205f02306314ab8cfc9034cf72097891c923e9d
which-key.nvim: 61553aeb3d5ca8c11eea8be6eadf478062982ac9
winresizer: 9bd559a03ccec98a458e60c705547119eb5350f3
zen-mode.nvim: 6f5702db4fd4a4c9a212f8de3b7b982f3d93b03c
zinit-vim-syntax: 50bb044056c5cc55549cd3057e7a16ed713214eb
