timestamp: 2022-03-28 10:55:09 EDT
LuaSnip: b00180096afd2ff42c59456dc71e36aa02409a8d
auto-pairs: 39f06b873a8449af8ff6a3eee716d3da14d63a76
ayu-vim: 0745635421688ce777f663d13531996cb4da6514
bufferline.nvim: b2a0691df8a51a7590122aef456db1d70445647d
close-buffers.vim: 0b29fbc483344e2ebec96a28070698d72a8a767c
cmp-buffer: d66c4c2d376e5be99db68d2362cd94d250987525
cmp-cmdline: f4beb74e8e036f9532bedbcac0b93c7a55a0f8b0
cmp-nvim-lsp: ebdfc204afb87f15ce3d3d3f5df0b8181443b5ba
cmp-path: 466b6b8270f7ba89abd59f402c73f63c7331ff6e
cmp_luasnip: adf4a521f293f97bfd177fa8fcfd3955dff6505a
conjure: 6c53d863c0843be0f68a138def146d6b8f725b22
defx.nvim: 6d97ad7fae49f7c00644dd96da64e14c3e23c835
dracula: d7723a842a6cfa2f62cf85530ab66eb418521dc2
emmet-vim: def5d57a1ae5afb1b96ebe83c4652d1c03640f4d
filetype.nvim: 25b5f7e5314d5e7739be726860253c67f7e513bf
friendly-snippets: e302658e765cf20e6af5a1be8cc07a996d6ee2cc
fugitive-gitlab.vim: 85d4e16e03b05964560514afe53bc74f9d445b02
fzf-lua: 6fd4459d0c642f696954d18a4162875aba9fdfa1
gina.vim: abdbe0fe33f3b6fc59e94f7cc3072768f8dfd8ac
gitsigns.nvim: 8fce869b67dd7e3b0284df71f70e2f8072e925a2
gofmt.vim: 7ebf69493e04fcb5d5374dbc2a056cc82e801bfd
goyo.vim: a9c7283dce60ffcdec952384f6451ff42f8914f2
gv.vim: 386d770e916dd680d1d622e715b9eb3a77f21bd1
hop.nvim: e2f978b50c2bd9ae2c6a4ebdf2222c0f299c85c3
impatient.nvim: 989eefca3539b9958df100e8e3130f55eafe1709
indentLine: 7753505f3c500ec88d11e9373d05250f49c1d900
limelight.vim: eebac6c4fce06d3b849cccd213b7233d37ab037f
lsp-status.nvim: 4073f766f1303fb602802075e558fe43e382cc92
lspkind-nvim: 93e98a0c900327ce7e9be1cbf24aebbe7170e375
lspsaga.nvim: 5309d75bd90ce5b1708331df3af1e971fa83a2b9
lualine-lsp-progress: 56842d097245a08d77912edf5f2a69ba29f275d7
lualine.nvim: f14175e142825c69c5b39e8f1564b9945a97d4aa
neogen: c539cccce421aa080eecedbf2c0ac64a48bc0bdf
neoterm: 533d311a2a9187294ea52acab32d8565d6517059
nerdcommenter: f8671f783baeb0739f556d9b6c440ae1767340d6
nightfox.nvim: 6b1ecfd2754c7a6eda5d57e3862240304c35721f
nvim-cmp: dd6e4d96f9e376c87302fa5414556aa6269bf997
nvim-lspconfig: 3c53bf17e5478d44111027ca1a78190edff13445
nvim-treesitter: 76cb7cf7e54077d0464204da19198feb7a52cced
nvim-treesitter-context: b7d7aba81683c1cd76141e090ff335bb55332cba
nvim-treesitter-pairs: c336c1ef9ba80f76a26431c86572f56b9899edcb
nvim-treesitter-refactor: 0dc8069641226904f9757de786a6ab2273eb73ea
nvim-ts-rainbow: c6c26c4def0e9cd82f371ba677d6fc9baa0038af
nvim-web-devicons: 09e62319974d7d7ec7e53b974724f7942470ef78
nvim_utils: 71919c2f05920ed2f9718b4c2e30f8dd5f167194
oceanic-next: 5ef31a34204f84714885ae9036f66a626036c3dc
onehalf: 141c775ace6b71992305f144a8ab68e9a8ca4a25
open-browser.vim: 80ec3f2bb0a86ac13c998e2f2c86e16e6d2f20bb
playground: 9df82a27a49e1c14e9d7416b537517a79d675086
plenary.nvim: 0d660152000a40d52158c155625865da2aa7aa1b
prolog.vim: 280a5ec5d219900042585a862e5fab0c44dcd733
quick-scope: 5e2373e36d774e1cebd58b318346db32c52db21a
robotframework-vim: 75d5b371a4da2a090a2872d55bd0dead013f334e
rst-robotframework-syntax-vim: 716bbff4106c5eb9b52a9ca094bc812a4e3545ee
tabular: 339091ac4dd1f17e225fe7d57b48aff55f99b23a
tagbar: 2137c1437012afc82b5d50404b1404aec8699f7b
targets.vim: 8d6ff2984cdfaebe5b7a6eee8f226a6dd1226f2d
twilight.nvim: 8ab43c0fdc246fdd82382d7ef4ec383f8f755ef9
undoquit.vim: 74d2a1fc51af91d8b758ad85fb236b6476c8ed0c
undotree: 08e259be24d4476c1ee745dc735eefd44f90efdc
unicode.vim: 664d7b2e5cedf36ea3a85ad7e8e28e43c16f025b
vim-better-whitespace: c5afbe91d29c5e3be81d5125ddcdc276fd1f1322
vim-buffergator: 0514af606a3b41bbe82c33875179b53300a3cb86
vim-cljfmt: 4f489c1a9606e51d0defbf1d0fb67a51edd3f6d1
vim-coffee-script: 28421258a8dde5a50deafbfc19cd9873cacfaa79
vim-colors-github: ee42a68d95078f5a3d1c0fb14462cc781b244ee2
vim-commentary: 3654775824337f466109f00eaf6759760f65be34
vim-csharp: b5982fc69bba7d507638a308d6875b031054280d
vim-dict: f673c04c0e60914ff4e38e29c72fcea73a228967
vim-easy-align: 12dd6316974f71ce333e360c0260b4e1f81169c3
vim-endwise: 8faf48b69b04af120e162ce113ea21eac322e3b4
vim-eunuch: 01aa41b276b45e2df2cb680ab38e78ea7e5786c1
vim-findroot: 27dc9a4f39acb284fd23415d6857d9e7126dad80
vim-fireplace: 49f213283ffd79e1a397a30ce9e11849eaacf8e1
vim-floaterm: 6244d1739aad6682c6c1d5db18c846c342af6e3e
vim-fugitive: 321328c6c5901a597348155fc0e83b800544dcb0
vim-gradle: 508629fa2a3be1b2052e4e553593f60d12dfc090
vim-hexokinase: 62324b43ea858e268fb70665f7d012ae67690f43
vim-highlightedyank: ff16bf3bac23fb4e17c976f4e1ff7941cd686c8d
vim-javascript: d6e137563c47fb59f26ed25d044c0c7532304f18
vim-markdown: 95e90840c45911b62261bae02e3ba2777877eaf5
vim-over: 878f83bdac0cda308f599d319f45c7877d5274a9
vim-repeat: 24afe922e6a05891756ecf331f39a1f6743d3d5a
vim-rhubarb: 977b3ccbad1f7e5370354ae409fb2ea4a7ce2058
vim-sandwich: 7bdd7fc4b4c9f0342e8cbac617b7e5299bd056a1
vim-signature: 6bc3dd1294a22e897f0dcf8dd72b85f350e306bc
vim-sleuth: edffd9ee2cfafa3aba291f105a1d4f9f0e2d5701
vim-startify: 81e36c352a8deea54df5ec1e2f4348685569bed2
vim-surround: 9857a874632d1b983a7f4b1c85e3d15990c8b101
vim-tmux: cfe76281efc29890548cf9eedd42ad51c7a1faf0
vim-tmux-navigator: 9ca5bfe5bd274051b5dd796cc150348afc993b80
vim-toml: 3c5face8e8944a217af45bc5bb708ff7dfcf1a54
vim-visual-multi: 4fcd3797e380f2e4c8ea8be31ec6469e6f86f971
vim-windowswap: 15db3f697aa1fa696d99fcdc920c90cd2cec855e
vim-yaml-folds: 890ccd8e5370808d569e96dbb06cbeca2cf5993a
vimagit: fb71060049f829e48fc392e0be43d1040c271204
vimux: 89604a4464c3069dbe31f7bc8dd16a5fbc88a303
vista.vim: a0469c645dcbe4033b857da27d35491f39e2f776
vlime: 3205f02306314ab8cfc9034cf72097891c923e9d
which-key.nvim: a3c19ec5754debb7bf38a8404e36a9287b282430
winresizer: 9dc9899cedf84d78b93263b1fdb105b37c54c7b5
zen-mode.nvim: f1cc53d32b49cf962fb89a2eb0a31b85bb270f7c
zinit-vim-syntax: 4d873e0b8862ac2c8b1374010c4bf2bce6539dd8
