timestamp: 2022-03-25 20:14:52 EDT
tap: brew tap
tap: borkdude/brew
tap: clojure-lsp/brew
tap: clojure/tools
tap: code-hex/pget
tap: conduktor/brew
tap: homebrew/cask
tap: homebrew/core
tap: let-us-go/zkcli
tap: teamookla/speedtest
brew: brew leaves
brew: ack
brew: autojump
brew: bash
brew: bat
brew: borkdude/brew/babashka
brew: borkdude/brew/clj-kondo
brew: borkdude/brew/jet
brew: boxes
brew: clojure-lsp/brew/clojure-lsp-native
brew: clojure/tools/clojure
brew: cmake
brew: cmatrix
brew: code-hex/pget/pget
brew: coreutils
brew: ctags
brew: entr
brew: exa
brew: fd
brew: figlet
brew: fortune
brew: fzf
brew: git
brew: git-extras
brew: gnu-sed
brew: gnu-time
brew: gnutls
brew: go
brew: gotop
brew: grc
brew: grep
brew: gtk+3
brew: helm
brew: helm@2
brew: highlight
brew: htop
brew: hub
brew: hugo
brew: jq
brew: jump
brew: kafka
brew: kcat
brew: kubernetes-cli
brew: leiningen
brew: let-us-go/zkcli/zkcli
brew: libass
brew: libheif
brew: lolcat
brew: lua-language-server
brew: luajit
brew: luarocks
brew: maven
brew: micro
brew: mit-scheme
brew: neovim
brew: neovim-remote
brew: node
brew: nvm
brew: openjdk@8
brew: php
brew: pyenv
brew: python@3.8
brew: ranger
brew: ripgrep-all
brew: shellcheck
brew: shfmt
brew: showkey
brew: srt
brew: teamookla/speedtest/speedtest
brew: telnet
brew: terminal-notifier
brew: the_silver_searcher
brew: tmux
brew: toilet
brew: trash
brew: tree
brew: tree-sitter
brew: vim
brew: watch
brew: watchman
brew: wget
brew: zsh
cask: brew list --cask
cask: alacritty
cask: altair-graphql-client
cask: amethyst
cask: conduktor
cask: cool-retro-term
cask: emacs
cask: graphiql
cask: graphql-playground
cask: keycastr
cask: mark-text
cask: osxfuse
cask: v2rayu
cask: vimr
cask: visualvm
